2016-10-06 13:42:46 triangle.parser.TxtParser [ERROR] Wrong count of values of triangle in string: 4
2016-10-06 13:42:46 triangle.parser.TxtParser [ERROR] Wrong values of triangle
java.lang.NumberFormatException: For input string: "a"
	at sun.misc.FloatingDecimal.readJavaFormatString(FloatingDecimal.java:2043)
	at sun.misc.FloatingDecimal.parseDouble(FloatingDecimal.java:110)
	at java.lang.Double.parseDouble(Double.java:538)
	at com.suglob.triangle.parser.TxtParser.parseTriangle(TxtParser.java:35)
	at test.com.suglob.triangle.action.ActionTriangleTestTrue.getTriangleParameters(ActionTriangleTest.java:27)
	at sun.reflect.NativeMethodAccessorImpl.invoke0(Native Method)
	at sun.reflect.NativeMethodAccessorImpl.invoke(NativeMethodAccessorImpl.java:62)
	at sun.reflect.DelegatingMethodAccessorImpl.invoke(DelegatingMethodAccessorImpl.java:43)
	at java.lang.reflect.Method.invoke(Method.java:498)
	at org.junit.runners.model.FrameworkMethod$1.runReflectiveCall(FrameworkMethod.java:50)
	at org.junit.internal.runners.model.ReflectiveCallable.run(ReflectiveCallable.java:12)
	at org.junit.runners.model.FrameworkMethod.invokeExplosively(FrameworkMethod.java:47)
	at org.junit.runners.Parameterized.allParameters(Parameterized.java:280)
	at org.junit.runners.Parameterized.<init>(Parameterized.java:248)
	at sun.reflect.NativeConstructorAccessorImpl.newInstance0(Native Method)
	at sun.reflect.NativeConstructorAccessorImpl.newInstance(NativeConstructorAccessorImpl.java:62)
	at sun.reflect.DelegatingConstructorAccessorImpl.newInstance(DelegatingConstructorAccessorImpl.java:45)
	at java.lang.reflect.Constructor.newInstance(Constructor.java:423)
	at org.junit.internal.builders.AnnotatedBuilder.buildRunner(AnnotatedBuilder.java:104)
	at org.junit.internal.builders.AnnotatedBuilder.runnerForClass(AnnotatedBuilder.java:86)
	at org.junit.runners.model.RunnerBuilder.safeRunnerForClass(RunnerBuilder.java:59)
	at org.junit.internal.builders.AllDefaultPossibilitiesBuilder.runnerForClass(AllDefaultPossibilitiesBuilder.java:26)
	at org.junit.runners.model.RunnerBuilder.safeRunnerForClass(RunnerBuilder.java:59)
	at org.junit.internal.requests.ClassRequest.getRunner(ClassRequest.java:33)
	at com.intellij.junit4.JUnit4IdeaTestRunner.startRunnerWithArgs(JUnit4IdeaTestRunner.java:41)
	at com.intellij.rt.execution.junit.JUnitStarter.prepareStreamsAndStart(JUnitStarter.java:212)
	at com.intellij.rt.execution.junit.JUnitStarter.main(JUnitStarter.java:68)
	at sun.reflect.NativeMethodAccessorImpl.invoke0(Native Method)
	at sun.reflect.NativeMethodAccessorImpl.invoke(NativeMethodAccessorImpl.java:62)
	at sun.reflect.DelegatingMethodAccessorImpl.invoke(DelegatingMethodAccessorImpl.java:43)
	at java.lang.reflect.Method.invoke(Method.java:498)
	at com.intellij.rt.execution.application.AppMain.main(AppMain.java:140)
2016-10-06 13:44:08 triangle.parser.TxtParser [ERROR] Wrong count of values of triangle in string: 4
2016-10-06 13:44:08 triangle.parser.TxtParser [ERROR] Wrong values of triangle
java.lang.NumberFormatException: For input string: "a"
	at sun.misc.FloatingDecimal.readJavaFormatString(FloatingDecimal.java:2043)
	at sun.misc.FloatingDecimal.parseDouble(FloatingDecimal.java:110)
	at java.lang.Double.parseDouble(Double.java:538)
	at com.suglob.triangle.parser.TxtParser.parseTriangle(TxtParser.java:35)
	at test.com.suglob.triangle.action.ActionTriangleTestTrue.getTriangleParameters(ActionTriangleTest.java:27)
	at sun.reflect.NativeMethodAccessorImpl.invoke0(Native Method)
	at sun.reflect.NativeMethodAccessorImpl.invoke(NativeMethodAccessorImpl.java:62)
	at sun.reflect.DelegatingMethodAccessorImpl.invoke(DelegatingMethodAccessorImpl.java:43)
	at java.lang.reflect.Method.invoke(Method.java:498)
	at org.junit.runners.model.FrameworkMethod$1.runReflectiveCall(FrameworkMethod.java:50)
	at org.junit.internal.runners.model.ReflectiveCallable.run(ReflectiveCallable.java:12)
	at org.junit.runners.model.FrameworkMethod.invokeExplosively(FrameworkMethod.java:47)
	at org.junit.runners.Parameterized.allParameters(Parameterized.java:280)
	at org.junit.runners.Parameterized.<init>(Parameterized.java:248)
	at sun.reflect.NativeConstructorAccessorImpl.newInstance0(Native Method)
	at sun.reflect.NativeConstructorAccessorImpl.newInstance(NativeConstructorAccessorImpl.java:62)
	at sun.reflect.DelegatingConstructorAccessorImpl.newInstance(DelegatingConstructorAccessorImpl.java:45)
	at java.lang.reflect.Constructor.newInstance(Constructor.java:423)
	at org.junit.internal.builders.AnnotatedBuilder.buildRunner(AnnotatedBuilder.java:104)
	at org.junit.internal.builders.AnnotatedBuilder.runnerForClass(AnnotatedBuilder.java:86)
	at org.junit.runners.model.RunnerBuilder.safeRunnerForClass(RunnerBuilder.java:59)
	at org.junit.internal.builders.AllDefaultPossibilitiesBuilder.runnerForClass(AllDefaultPossibilitiesBuilder.java:26)
	at org.junit.runners.model.RunnerBuilder.safeRunnerForClass(RunnerBuilder.java:59)
	at org.junit.internal.requests.ClassRequest.getRunner(ClassRequest.java:33)
	at com.intellij.junit4.JUnit4IdeaTestRunner.startRunnerWithArgs(JUnit4IdeaTestRunner.java:41)
	at com.intellij.rt.execution.junit.JUnitStarter.prepareStreamsAndStart(JUnitStarter.java:212)
	at com.intellij.rt.execution.junit.JUnitStarter.main(JUnitStarter.java:68)
	at sun.reflect.NativeMethodAccessorImpl.invoke0(Native Method)
	at sun.reflect.NativeMethodAccessorImpl.invoke(NativeMethodAccessorImpl.java:62)
	at sun.reflect.DelegatingMethodAccessorImpl.invoke(DelegatingMethodAccessorImpl.java:43)
	at java.lang.reflect.Method.invoke(Method.java:498)
	at com.intellij.rt.execution.application.AppMain.main(AppMain.java:140)
2016-10-06 13:46:03 triangle.parser.TxtParser [ERROR] Wrong count of values of triangle in string: 4
2016-10-06 13:46:03 triangle.parser.TxtParser [ERROR] Wrong values of triangle in string: 6
java.lang.NumberFormatException: For input string: "a"
	at sun.misc.FloatingDecimal.readJavaFormatString(FloatingDecimal.java:2043)
	at sun.misc.FloatingDecimal.parseDouble(FloatingDecimal.java:110)
	at java.lang.Double.parseDouble(Double.java:538)
	at com.suglob.triangle.parser.TxtParser.parseTriangle(TxtParser.java:35)
	at test.com.suglob.triangle.action.ActionTriangleTestTrue.getTriangleParameters(ActionTriangleTest.java:27)
	at sun.reflect.NativeMethodAccessorImpl.invoke0(Native Method)
	at sun.reflect.NativeMethodAccessorImpl.invoke(NativeMethodAccessorImpl.java:62)
	at sun.reflect.DelegatingMethodAccessorImpl.invoke(DelegatingMethodAccessorImpl.java:43)
	at java.lang.reflect.Method.invoke(Method.java:498)
	at org.junit.runners.model.FrameworkMethod$1.runReflectiveCall(FrameworkMethod.java:50)
	at org.junit.internal.runners.model.ReflectiveCallable.run(ReflectiveCallable.java:12)
	at org.junit.runners.model.FrameworkMethod.invokeExplosively(FrameworkMethod.java:47)
	at org.junit.runners.Parameterized.allParameters(Parameterized.java:280)
	at org.junit.runners.Parameterized.<init>(Parameterized.java:248)
	at sun.reflect.NativeConstructorAccessorImpl.newInstance0(Native Method)
	at sun.reflect.NativeConstructorAccessorImpl.newInstance(NativeConstructorAccessorImpl.java:62)
	at sun.reflect.DelegatingConstructorAccessorImpl.newInstance(DelegatingConstructorAccessorImpl.java:45)
	at java.lang.reflect.Constructor.newInstance(Constructor.java:423)
	at org.junit.internal.builders.AnnotatedBuilder.buildRunner(AnnotatedBuilder.java:104)
	at org.junit.internal.builders.AnnotatedBuilder.runnerForClass(AnnotatedBuilder.java:86)
	at org.junit.runners.model.RunnerBuilder.safeRunnerForClass(RunnerBuilder.java:59)
	at org.junit.internal.builders.AllDefaultPossibilitiesBuilder.runnerForClass(AllDefaultPossibilitiesBuilder.java:26)
	at org.junit.runners.model.RunnerBuilder.safeRunnerForClass(RunnerBuilder.java:59)
	at org.junit.internal.requests.ClassRequest.getRunner(ClassRequest.java:33)
	at com.intellij.junit4.JUnit4IdeaTestRunner.startRunnerWithArgs(JUnit4IdeaTestRunner.java:41)
	at com.intellij.rt.execution.junit.JUnitStarter.prepareStreamsAndStart(JUnitStarter.java:212)
	at com.intellij.rt.execution.junit.JUnitStarter.main(JUnitStarter.java:68)
	at sun.reflect.NativeMethodAccessorImpl.invoke0(Native Method)
	at sun.reflect.NativeMethodAccessorImpl.invoke(NativeMethodAccessorImpl.java:62)
	at sun.reflect.DelegatingMethodAccessorImpl.invoke(DelegatingMethodAccessorImpl.java:43)
	at java.lang.reflect.Method.invoke(Method.java:498)
	at com.intellij.rt.execution.application.AppMain.main(AppMain.java:140)
2016-10-06 13:48:44 triangle.parser.TxtParser [ERROR] Wrong count of values of triangle in string: 4
2016-10-06 13:48:44 triangle.parser.TxtParser [ERROR] Wrong values of triangle in string: 6
java.lang.NumberFormatException: For input string: "a"
	at sun.misc.FloatingDecimal.readJavaFormatString(FloatingDecimal.java:2043)
	at sun.misc.FloatingDecimal.parseDouble(FloatingDecimal.java:110)
	at java.lang.Double.parseDouble(Double.java:538)
	at com.suglob.triangle.parser.TxtParser.parseTriangle(TxtParser.java:35)
	at test.com.suglob.triangle.action.ActionTriangleTestTrue.getTriangleParameters(ActionTriangleTest.java:27)
	at sun.reflect.NativeMethodAccessorImpl.invoke0(Native Method)
	at sun.reflect.NativeMethodAccessorImpl.invoke(NativeMethodAccessorImpl.java:62)
	at sun.reflect.DelegatingMethodAccessorImpl.invoke(DelegatingMethodAccessorImpl.java:43)
	at java.lang.reflect.Method.invoke(Method.java:498)
	at org.junit.runners.model.FrameworkMethod$1.runReflectiveCall(FrameworkMethod.java:50)
	at org.junit.internal.runners.model.ReflectiveCallable.run(ReflectiveCallable.java:12)
	at org.junit.runners.model.FrameworkMethod.invokeExplosively(FrameworkMethod.java:47)
	at org.junit.runners.Parameterized.allParameters(Parameterized.java:280)
	at org.junit.runners.Parameterized.<init>(Parameterized.java:248)
	at sun.reflect.NativeConstructorAccessorImpl.newInstance0(Native Method)
	at sun.reflect.NativeConstructorAccessorImpl.newInstance(NativeConstructorAccessorImpl.java:62)
	at sun.reflect.DelegatingConstructorAccessorImpl.newInstance(DelegatingConstructorAccessorImpl.java:45)
	at java.lang.reflect.Constructor.newInstance(Constructor.java:423)
	at org.junit.internal.builders.AnnotatedBuilder.buildRunner(AnnotatedBuilder.java:104)
	at org.junit.internal.builders.AnnotatedBuilder.runnerForClass(AnnotatedBuilder.java:86)
	at org.junit.runners.model.RunnerBuilder.safeRunnerForClass(RunnerBuilder.java:59)
	at org.junit.internal.builders.AllDefaultPossibilitiesBuilder.runnerForClass(AllDefaultPossibilitiesBuilder.java:26)
	at org.junit.runners.model.RunnerBuilder.safeRunnerForClass(RunnerBuilder.java:59)
	at org.junit.internal.requests.ClassRequest.getRunner(ClassRequest.java:33)
	at com.intellij.junit4.JUnit4IdeaTestRunner.startRunnerWithArgs(JUnit4IdeaTestRunner.java:41)
	at com.intellij.rt.execution.junit.JUnitStarter.prepareStreamsAndStart(JUnitStarter.java:212)
	at com.intellij.rt.execution.junit.JUnitStarter.main(JUnitStarter.java:68)
	at sun.reflect.NativeMethodAccessorImpl.invoke0(Native Method)
	at sun.reflect.NativeMethodAccessorImpl.invoke(NativeMethodAccessorImpl.java:62)
	at sun.reflect.DelegatingMethodAccessorImpl.invoke(DelegatingMethodAccessorImpl.java:43)
	at java.lang.reflect.Method.invoke(Method.java:498)
	at com.intellij.rt.execution.application.AppMain.main(AppMain.java:140)
2016-10-06 13:59:23 triangle.parser.TxtParser [ERROR] Wrong count of values of triangle in string: 4
2016-10-06 13:59:23 triangle.parser.TxtParser [ERROR] Wrong values of triangle in string: 6
java.lang.NumberFormatException: For input string: "a"
	at sun.misc.FloatingDecimal.readJavaFormatString(FloatingDecimal.java:2043)
	at sun.misc.FloatingDecimal.parseDouble(FloatingDecimal.java:110)
	at java.lang.Double.parseDouble(Double.java:538)
	at com.suglob.triangle.parser.TxtParser.parseTriangle(TxtParser.java:35)
	at test.com.suglob.triangle.action.ActionTriangleTestTrue.getTriangleParameters(ActionTriangleTest.java:27)
	at sun.reflect.NativeMethodAccessorImpl.invoke0(Native Method)
	at sun.reflect.NativeMethodAccessorImpl.invoke(NativeMethodAccessorImpl.java:62)
	at sun.reflect.DelegatingMethodAccessorImpl.invoke(DelegatingMethodAccessorImpl.java:43)
	at java.lang.reflect.Method.invoke(Method.java:498)
	at org.junit.runners.model.FrameworkMethod$1.runReflectiveCall(FrameworkMethod.java:50)
	at org.junit.internal.runners.model.ReflectiveCallable.run(ReflectiveCallable.java:12)
	at org.junit.runners.model.FrameworkMethod.invokeExplosively(FrameworkMethod.java:47)
	at org.junit.runners.Parameterized.allParameters(Parameterized.java:280)
	at org.junit.runners.Parameterized.<init>(Parameterized.java:248)
	at sun.reflect.NativeConstructorAccessorImpl.newInstance0(Native Method)
	at sun.reflect.NativeConstructorAccessorImpl.newInstance(NativeConstructorAccessorImpl.java:62)
	at sun.reflect.DelegatingConstructorAccessorImpl.newInstance(DelegatingConstructorAccessorImpl.java:45)
	at java.lang.reflect.Constructor.newInstance(Constructor.java:423)
	at org.junit.internal.builders.AnnotatedBuilder.buildRunner(AnnotatedBuilder.java:104)
	at org.junit.internal.builders.AnnotatedBuilder.runnerForClass(AnnotatedBuilder.java:86)
	at org.junit.runners.model.RunnerBuilder.safeRunnerForClass(RunnerBuilder.java:59)
	at org.junit.internal.builders.AllDefaultPossibilitiesBuilder.runnerForClass(AllDefaultPossibilitiesBuilder.java:26)
	at org.junit.runners.model.RunnerBuilder.safeRunnerForClass(RunnerBuilder.java:59)
	at org.junit.internal.requests.ClassRequest.getRunner(ClassRequest.java:33)
	at com.intellij.junit4.JUnit4IdeaTestRunner.startRunnerWithArgs(JUnit4IdeaTestRunner.java:41)
	at com.intellij.rt.execution.junit.JUnitStarter.prepareStreamsAndStart(JUnitStarter.java:212)
	at com.intellij.rt.execution.junit.JUnitStarter.main(JUnitStarter.java:68)
	at sun.reflect.NativeMethodAccessorImpl.invoke0(Native Method)
	at sun.reflect.NativeMethodAccessorImpl.invoke(NativeMethodAccessorImpl.java:62)
	at sun.reflect.DelegatingMethodAccessorImpl.invoke(DelegatingMethodAccessorImpl.java:43)
	at java.lang.reflect.Method.invoke(Method.java:498)
	at com.intellij.rt.execution.application.AppMain.main(AppMain.java:140)
2016-10-06 14:05:49 triangle.parser.TxtParser [ERROR] Wrong count of values of triangle in string: 4
2016-10-06 14:05:49 triangle.parser.TxtParser [ERROR] Wrong values of triangle in string: 6
java.lang.NumberFormatException: For input string: "a"
	at sun.misc.FloatingDecimal.readJavaFormatString(FloatingDecimal.java:2043)
	at sun.misc.FloatingDecimal.parseDouble(FloatingDecimal.java:110)
	at java.lang.Double.parseDouble(Double.java:538)
	at com.suglob.triangle.parser.TxtParser.parseTriangle(TxtParser.java:35)
	at test.com.suglob.triangle.action.ActionTriangleTestTrue.getTriangleParameters(ActionTriangleTest.java:27)
	at sun.reflect.NativeMethodAccessorImpl.invoke0(Native Method)
	at sun.reflect.NativeMethodAccessorImpl.invoke(NativeMethodAccessorImpl.java:62)
	at sun.reflect.DelegatingMethodAccessorImpl.invoke(DelegatingMethodAccessorImpl.java:43)
	at java.lang.reflect.Method.invoke(Method.java:498)
	at org.junit.runners.model.FrameworkMethod$1.runReflectiveCall(FrameworkMethod.java:50)
	at org.junit.internal.runners.model.ReflectiveCallable.run(ReflectiveCallable.java:12)
	at org.junit.runners.model.FrameworkMethod.invokeExplosively(FrameworkMethod.java:47)
	at org.junit.runners.Parameterized.allParameters(Parameterized.java:280)
	at org.junit.runners.Parameterized.<init>(Parameterized.java:248)
	at sun.reflect.NativeConstructorAccessorImpl.newInstance0(Native Method)
	at sun.reflect.NativeConstructorAccessorImpl.newInstance(NativeConstructorAccessorImpl.java:62)
	at sun.reflect.DelegatingConstructorAccessorImpl.newInstance(DelegatingConstructorAccessorImpl.java:45)
	at java.lang.reflect.Constructor.newInstance(Constructor.java:423)
	at org.junit.internal.builders.AnnotatedBuilder.buildRunner(AnnotatedBuilder.java:104)
	at org.junit.internal.builders.AnnotatedBuilder.runnerForClass(AnnotatedBuilder.java:86)
	at org.junit.runners.model.RunnerBuilder.safeRunnerForClass(RunnerBuilder.java:59)
	at org.junit.internal.builders.AllDefaultPossibilitiesBuilder.runnerForClass(AllDefaultPossibilitiesBuilder.java:26)
	at org.junit.runners.model.RunnerBuilder.safeRunnerForClass(RunnerBuilder.java:59)
	at org.junit.internal.requests.ClassRequest.getRunner(ClassRequest.java:33)
	at com.intellij.junit4.JUnit4IdeaTestRunner.startRunnerWithArgs(JUnit4IdeaTestRunner.java:41)
	at com.intellij.rt.execution.junit.JUnitStarter.prepareStreamsAndStart(JUnitStarter.java:212)
	at com.intellij.rt.execution.junit.JUnitStarter.main(JUnitStarter.java:68)
	at sun.reflect.NativeMethodAccessorImpl.invoke0(Native Method)
	at sun.reflect.NativeMethodAccessorImpl.invoke(NativeMethodAccessorImpl.java:62)
	at sun.reflect.DelegatingMethodAccessorImpl.invoke(DelegatingMethodAccessorImpl.java:43)
	at java.lang.reflect.Method.invoke(Method.java:498)
	at com.intellij.rt.execution.application.AppMain.main(AppMain.java:140)
2016-10-06 14:14:07 triangle.parser.TxtParser [ERROR] Wrong count of values of triangle in string: 4
2016-10-06 14:14:07 triangle.parser.TxtParser [ERROR] Wrong values of triangle in string: 6
java.lang.NumberFormatException: For input string: "a"
	at sun.misc.FloatingDecimal.readJavaFormatString(FloatingDecimal.java:2043)
	at sun.misc.FloatingDecimal.parseDouble(FloatingDecimal.java:110)
	at java.lang.Double.parseDouble(Double.java:538)
	at com.suglob.triangle.parser.TxtParser.parseTriangle(TxtParser.java:35)
	at test.com.suglob.triangle.action.ActionTriangleTestTrue.getTriangleParameters(ActionTriangleTest.java:27)
	at sun.reflect.NativeMethodAccessorImpl.invoke0(Native Method)
	at sun.reflect.NativeMethodAccessorImpl.invoke(NativeMethodAccessorImpl.java:62)
	at sun.reflect.DelegatingMethodAccessorImpl.invoke(DelegatingMethodAccessorImpl.java:43)
	at java.lang.reflect.Method.invoke(Method.java:498)
	at org.junit.runners.model.FrameworkMethod$1.runReflectiveCall(FrameworkMethod.java:50)
	at org.junit.internal.runners.model.ReflectiveCallable.run(ReflectiveCallable.java:12)
	at org.junit.runners.model.FrameworkMethod.invokeExplosively(FrameworkMethod.java:47)
	at org.junit.runners.Parameterized.allParameters(Parameterized.java:280)
	at org.junit.runners.Parameterized.<init>(Parameterized.java:248)
	at sun.reflect.NativeConstructorAccessorImpl.newInstance0(Native Method)
	at sun.reflect.NativeConstructorAccessorImpl.newInstance(NativeConstructorAccessorImpl.java:62)
	at sun.reflect.DelegatingConstructorAccessorImpl.newInstance(DelegatingConstructorAccessorImpl.java:45)
	at java.lang.reflect.Constructor.newInstance(Constructor.java:423)
	at org.junit.internal.builders.AnnotatedBuilder.buildRunner(AnnotatedBuilder.java:104)
	at org.junit.internal.builders.AnnotatedBuilder.runnerForClass(AnnotatedBuilder.java:86)
	at org.junit.runners.model.RunnerBuilder.safeRunnerForClass(RunnerBuilder.java:59)
	at org.junit.internal.builders.AllDefaultPossibilitiesBuilder.runnerForClass(AllDefaultPossibilitiesBuilder.java:26)
	at org.junit.runners.model.RunnerBuilder.safeRunnerForClass(RunnerBuilder.java:59)
	at org.junit.internal.requests.ClassRequest.getRunner(ClassRequest.java:33)
	at com.intellij.junit4.JUnit4IdeaTestRunner.startRunnerWithArgs(JUnit4IdeaTestRunner.java:41)
	at com.intellij.rt.execution.junit.JUnitStarter.prepareStreamsAndStart(JUnitStarter.java:212)
	at com.intellij.rt.execution.junit.JUnitStarter.main(JUnitStarter.java:68)
	at sun.reflect.NativeMethodAccessorImpl.invoke0(Native Method)
	at sun.reflect.NativeMethodAccessorImpl.invoke(NativeMethodAccessorImpl.java:62)
	at sun.reflect.DelegatingMethodAccessorImpl.invoke(DelegatingMethodAccessorImpl.java:43)
	at java.lang.reflect.Method.invoke(Method.java:498)
	at com.intellij.rt.execution.application.AppMain.main(AppMain.java:140)
2016-10-06 15:20:39 triangle.parser.TxtParser [ERROR] Wrong count of values of triangle in string: 4
2016-10-06 15:20:39 triangle.parser.TxtParser [ERROR] Wrong values of triangle in string: 6
java.lang.NumberFormatException: For input string: "a"
	at sun.misc.FloatingDecimal.readJavaFormatString(FloatingDecimal.java:2043)
	at sun.misc.FloatingDecimal.parseDouble(FloatingDecimal.java:110)
	at java.lang.Double.parseDouble(Double.java:538)
	at com.suglob.triangle.parser.TxtParser.parseTriangle(TxtParser.java:35)
	at test.com.suglob.triangle.action.ActionTriangleTestFalse.getTriangleParameters(ActionTriangleTestFalse.java:25)
	at sun.reflect.NativeMethodAccessorImpl.invoke0(Native Method)
	at sun.reflect.NativeMethodAccessorImpl.invoke(NativeMethodAccessorImpl.java:62)
	at sun.reflect.DelegatingMethodAccessorImpl.invoke(DelegatingMethodAccessorImpl.java:43)
	at java.lang.reflect.Method.invoke(Method.java:498)
	at org.junit.runners.model.FrameworkMethod$1.runReflectiveCall(FrameworkMethod.java:50)
	at org.junit.internal.runners.model.ReflectiveCallable.run(ReflectiveCallable.java:12)
	at org.junit.runners.model.FrameworkMethod.invokeExplosively(FrameworkMethod.java:47)
	at org.junit.runners.Parameterized.allParameters(Parameterized.java:280)
	at org.junit.runners.Parameterized.<init>(Parameterized.java:248)
	at sun.reflect.NativeConstructorAccessorImpl.newInstance0(Native Method)
	at sun.reflect.NativeConstructorAccessorImpl.newInstance(NativeConstructorAccessorImpl.java:62)
	at sun.reflect.DelegatingConstructorAccessorImpl.newInstance(DelegatingConstructorAccessorImpl.java:45)
	at java.lang.reflect.Constructor.newInstance(Constructor.java:423)
	at org.junit.internal.builders.AnnotatedBuilder.buildRunner(AnnotatedBuilder.java:104)
	at org.junit.internal.builders.AnnotatedBuilder.runnerForClass(AnnotatedBuilder.java:86)
	at org.junit.runners.model.RunnerBuilder.safeRunnerForClass(RunnerBuilder.java:59)
	at org.junit.internal.builders.AllDefaultPossibilitiesBuilder.runnerForClass(AllDefaultPossibilitiesBuilder.java:26)
	at org.junit.runners.model.RunnerBuilder.safeRunnerForClass(RunnerBuilder.java:59)
	at org.junit.internal.requests.ClassRequest.getRunner(ClassRequest.java:33)
	at com.intellij.junit4.JUnit4IdeaTestRunner.startRunnerWithArgs(JUnit4IdeaTestRunner.java:41)
	at com.intellij.rt.execution.junit.JUnitStarter.prepareStreamsAndStart(JUnitStarter.java:212)
	at com.intellij.rt.execution.junit.JUnitStarter.main(JUnitStarter.java:68)
	at sun.reflect.NativeMethodAccessorImpl.invoke0(Native Method)
	at sun.reflect.NativeMethodAccessorImpl.invoke(NativeMethodAccessorImpl.java:62)
	at sun.reflect.DelegatingMethodAccessorImpl.invoke(DelegatingMethodAccessorImpl.java:43)
	at java.lang.reflect.Method.invoke(Method.java:498)
	at com.intellij.rt.execution.application.AppMain.main(AppMain.java:140)
2016-10-06 15:23:07 triangle.parser.TxtParser [ERROR] Wrong count of values of triangle in string: 4
2016-10-06 15:23:07 triangle.parser.TxtParser [ERROR] Wrong values of triangle in string: 6
java.lang.NumberFormatException: For input string: "a"
	at sun.misc.FloatingDecimal.readJavaFormatString(FloatingDecimal.java:2043)
	at sun.misc.FloatingDecimal.parseDouble(FloatingDecimal.java:110)
	at java.lang.Double.parseDouble(Double.java:538)
	at com.suglob.triangle.parser.TxtParser.parseTriangle(TxtParser.java:35)
	at test.com.suglob.triangle.action.ActionTriangleTestTrue.getTriangleParameters(ActionTriangleTest.java:27)
	at sun.reflect.NativeMethodAccessorImpl.invoke0(Native Method)
	at sun.reflect.NativeMethodAccessorImpl.invoke(NativeMethodAccessorImpl.java:62)
	at sun.reflect.DelegatingMethodAccessorImpl.invoke(DelegatingMethodAccessorImpl.java:43)
	at java.lang.reflect.Method.invoke(Method.java:498)
	at org.junit.runners.model.FrameworkMethod$1.runReflectiveCall(FrameworkMethod.java:50)
	at org.junit.internal.runners.model.ReflectiveCallable.run(ReflectiveCallable.java:12)
	at org.junit.runners.model.FrameworkMethod.invokeExplosively(FrameworkMethod.java:47)
	at org.junit.runners.Parameterized.allParameters(Parameterized.java:280)
	at org.junit.runners.Parameterized.<init>(Parameterized.java:248)
	at sun.reflect.NativeConstructorAccessorImpl.newInstance0(Native Method)
	at sun.reflect.NativeConstructorAccessorImpl.newInstance(NativeConstructorAccessorImpl.java:62)
	at sun.reflect.DelegatingConstructorAccessorImpl.newInstance(DelegatingConstructorAccessorImpl.java:45)
	at java.lang.reflect.Constructor.newInstance(Constructor.java:423)
	at org.junit.internal.builders.AnnotatedBuilder.buildRunner(AnnotatedBuilder.java:104)
	at org.junit.internal.builders.AnnotatedBuilder.runnerForClass(AnnotatedBuilder.java:86)
	at org.junit.runners.model.RunnerBuilder.safeRunnerForClass(RunnerBuilder.java:59)
	at org.junit.internal.builders.AllDefaultPossibilitiesBuilder.runnerForClass(AllDefaultPossibilitiesBuilder.java:26)
	at org.junit.runners.model.RunnerBuilder.safeRunnerForClass(RunnerBuilder.java:59)
	at org.junit.internal.requests.ClassRequest.getRunner(ClassRequest.java:33)
	at com.intellij.junit4.JUnit4IdeaTestRunner.startRunnerWithArgs(JUnit4IdeaTestRunner.java:41)
	at com.intellij.rt.execution.junit.JUnitStarter.prepareStreamsAndStart(JUnitStarter.java:212)
	at com.intellij.rt.execution.junit.JUnitStarter.main(JUnitStarter.java:68)
	at sun.reflect.NativeMethodAccessorImpl.invoke0(Native Method)
	at sun.reflect.NativeMethodAccessorImpl.invoke(NativeMethodAccessorImpl.java:62)
	at sun.reflect.DelegatingMethodAccessorImpl.invoke(DelegatingMethodAccessorImpl.java:43)
	at java.lang.reflect.Method.invoke(Method.java:498)
	at com.intellij.rt.execution.application.AppMain.main(AppMain.java:140)
2016-10-06 15:24:57 triangle.parser.TxtParser [FATAL] Fail res/triangles_for_test_false.txt is failed
java.io.FileNotFoundException: res\triangles_for_test_false.txt (Не удается найти указанный файл)
	at java.io.FileInputStream.open0(Native Method)
	at java.io.FileInputStream.open(FileInputStream.java:195)
	at java.io.FileInputStream.<init>(FileInputStream.java:138)
	at java.io.FileInputStream.<init>(FileInputStream.java:93)
	at java.io.FileReader.<init>(FileReader.java:58)
	at com.suglob.triangle.parser.TxtParser.parseTriangle(TxtParser.java:23)
	at test.com.suglob.triangle.action.ActionTriangleTestFalse.getTriangleParameters(ActionTriangleTestFalse.java:25)
	at sun.reflect.NativeMethodAccessorImpl.invoke0(Native Method)
	at sun.reflect.NativeMethodAccessorImpl.invoke(NativeMethodAccessorImpl.java:62)
	at sun.reflect.DelegatingMethodAccessorImpl.invoke(DelegatingMethodAccessorImpl.java:43)
	at java.lang.reflect.Method.invoke(Method.java:498)
	at org.junit.runners.model.FrameworkMethod$1.runReflectiveCall(FrameworkMethod.java:50)
	at org.junit.internal.runners.model.ReflectiveCallable.run(ReflectiveCallable.java:12)
	at org.junit.runners.model.FrameworkMethod.invokeExplosively(FrameworkMethod.java:47)
	at org.junit.runners.Parameterized.allParameters(Parameterized.java:280)
	at org.junit.runners.Parameterized.<init>(Parameterized.java:248)
	at sun.reflect.NativeConstructorAccessorImpl.newInstance0(Native Method)
	at sun.reflect.NativeConstructorAccessorImpl.newInstance(NativeConstructorAccessorImpl.java:62)
	at sun.reflect.DelegatingConstructorAccessorImpl.newInstance(DelegatingConstructorAccessorImpl.java:45)
	at java.lang.reflect.Constructor.newInstance(Constructor.java:423)
	at org.junit.internal.builders.AnnotatedBuilder.buildRunner(AnnotatedBuilder.java:104)
	at org.junit.internal.builders.AnnotatedBuilder.runnerForClass(AnnotatedBuilder.java:86)
	at org.junit.runners.model.RunnerBuilder.safeRunnerForClass(RunnerBuilder.java:59)
	at org.junit.internal.builders.AllDefaultPossibilitiesBuilder.runnerForClass(AllDefaultPossibilitiesBuilder.java:26)
	at org.junit.runners.model.RunnerBuilder.safeRunnerForClass(RunnerBuilder.java:59)
	at org.junit.internal.requests.ClassRequest.getRunner(ClassRequest.java:33)
	at com.intellij.junit4.JUnit4IdeaTestRunner.startRunnerWithArgs(JUnit4IdeaTestRunner.java:41)
	at com.intellij.rt.execution.junit.JUnitStarter.prepareStreamsAndStart(JUnitStarter.java:212)
	at com.intellij.rt.execution.junit.JUnitStarter.main(JUnitStarter.java:68)
	at sun.reflect.NativeMethodAccessorImpl.invoke0(Native Method)
	at sun.reflect.NativeMethodAccessorImpl.invoke(NativeMethodAccessorImpl.java:62)
	at sun.reflect.DelegatingMethodAccessorImpl.invoke(DelegatingMethodAccessorImpl.java:43)
	at java.lang.reflect.Method.invoke(Method.java:498)
	at com.intellij.rt.execution.application.AppMain.main(AppMain.java:140)
2016-10-10 08:15:46 triangle.parser.TxtParser [ERROR] Wrong count of values of triangle in string: 4
2016-10-10 08:15:46 triangle.parser.TxtParser [ERROR] Wrong values of triangle in string: 6
java.lang.NumberFormatException: For input string: "a"
	at sun.misc.FloatingDecimal.readJavaFormatString(FloatingDecimal.java:2043)
	at sun.misc.FloatingDecimal.parseDouble(FloatingDecimal.java:110)
	at java.lang.Double.parseDouble(Double.java:538)
	at com.suglob.triangle.parser.TxtParser.parseTriangle(TxtParser.java:36)
	at test.com.suglob.triangle.action.ActionTriangleTestTrue.getTriangleParameters(ActionTriangleTest.java:27)
	at sun.reflect.NativeMethodAccessorImpl.invoke0(Native Method)
	at sun.reflect.NativeMethodAccessorImpl.invoke(NativeMethodAccessorImpl.java:62)
	at sun.reflect.DelegatingMethodAccessorImpl.invoke(DelegatingMethodAccessorImpl.java:43)
	at java.lang.reflect.Method.invoke(Method.java:498)
	at org.junit.runners.model.FrameworkMethod$1.runReflectiveCall(FrameworkMethod.java:50)
	at org.junit.internal.runners.model.ReflectiveCallable.run(ReflectiveCallable.java:12)
	at org.junit.runners.model.FrameworkMethod.invokeExplosively(FrameworkMethod.java:47)
	at org.junit.runners.Parameterized.allParameters(Parameterized.java:280)
	at org.junit.runners.Parameterized.<init>(Parameterized.java:248)
	at sun.reflect.NativeConstructorAccessorImpl.newInstance0(Native Method)
	at sun.reflect.NativeConstructorAccessorImpl.newInstance(NativeConstructorAccessorImpl.java:62)
	at sun.reflect.DelegatingConstructorAccessorImpl.newInstance(DelegatingConstructorAccessorImpl.java:45)
	at java.lang.reflect.Constructor.newInstance(Constructor.java:423)
	at org.junit.internal.builders.AnnotatedBuilder.buildRunner(AnnotatedBuilder.java:104)
	at org.junit.internal.builders.AnnotatedBuilder.runnerForClass(AnnotatedBuilder.java:86)
	at org.junit.runners.model.RunnerBuilder.safeRunnerForClass(RunnerBuilder.java:59)
	at org.junit.internal.builders.AllDefaultPossibilitiesBuilder.runnerForClass(AllDefaultPossibilitiesBuilder.java:26)
	at org.junit.runners.model.RunnerBuilder.safeRunnerForClass(RunnerBuilder.java:59)
	at org.junit.internal.requests.ClassRequest.getRunner(ClassRequest.java:33)
	at com.intellij.junit4.JUnit4IdeaTestRunner.startRunnerWithArgs(JUnit4IdeaTestRunner.java:41)
	at com.intellij.rt.execution.junit.JUnitStarter.prepareStreamsAndStart(JUnitStarter.java:212)
	at com.intellij.rt.execution.junit.JUnitStarter.main(JUnitStarter.java:68)
	at sun.reflect.NativeMethodAccessorImpl.invoke0(Native Method)
	at sun.reflect.NativeMethodAccessorImpl.invoke(NativeMethodAccessorImpl.java:62)
	at sun.reflect.DelegatingMethodAccessorImpl.invoke(DelegatingMethodAccessorImpl.java:43)
	at java.lang.reflect.Method.invoke(Method.java:498)
	at com.intellij.rt.execution.application.AppMain.main(AppMain.java:140)
2016-10-10 08:17:58 triangle.parser.TxtParser [ERROR] Wrong count of values of triangle in string: 4
2016-10-10 08:17:58 triangle.parser.TxtParser [ERROR] Wrong values of triangle in string: 6
java.lang.NumberFormatException: For input string: "a"
	at sun.misc.FloatingDecimal.readJavaFormatString(FloatingDecimal.java:2043)
	at sun.misc.FloatingDecimal.parseDouble(FloatingDecimal.java:110)
	at java.lang.Double.parseDouble(Double.java:538)
	at com.suglob.triangle.parser.TxtParser.parseTriangle(TxtParser.java:36)
	at test.com.suglob.triangle.action.ActionTriangleTestTrue.getTriangleParameters(ActionTriangleTest.java:27)
	at sun.reflect.NativeMethodAccessorImpl.invoke0(Native Method)
	at sun.reflect.NativeMethodAccessorImpl.invoke(NativeMethodAccessorImpl.java:62)
	at sun.reflect.DelegatingMethodAccessorImpl.invoke(DelegatingMethodAccessorImpl.java:43)
	at java.lang.reflect.Method.invoke(Method.java:498)
	at org.junit.runners.model.FrameworkMethod$1.runReflectiveCall(FrameworkMethod.java:50)
	at org.junit.internal.runners.model.ReflectiveCallable.run(ReflectiveCallable.java:12)
	at org.junit.runners.model.FrameworkMethod.invokeExplosively(FrameworkMethod.java:47)
	at org.junit.runners.Parameterized.allParameters(Parameterized.java:280)
	at org.junit.runners.Parameterized.<init>(Parameterized.java:248)
	at sun.reflect.NativeConstructorAccessorImpl.newInstance0(Native Method)
	at sun.reflect.NativeConstructorAccessorImpl.newInstance(NativeConstructorAccessorImpl.java:62)
	at sun.reflect.DelegatingConstructorAccessorImpl.newInstance(DelegatingConstructorAccessorImpl.java:45)
	at java.lang.reflect.Constructor.newInstance(Constructor.java:423)
	at org.junit.internal.builders.AnnotatedBuilder.buildRunner(AnnotatedBuilder.java:104)
	at org.junit.internal.builders.AnnotatedBuilder.runnerForClass(AnnotatedBuilder.java:86)
	at org.junit.runners.model.RunnerBuilder.safeRunnerForClass(RunnerBuilder.java:59)
	at org.junit.internal.builders.AllDefaultPossibilitiesBuilder.runnerForClass(AllDefaultPossibilitiesBuilder.java:26)
	at org.junit.runners.model.RunnerBuilder.safeRunnerForClass(RunnerBuilder.java:59)
	at org.junit.internal.requests.ClassRequest.getRunner(ClassRequest.java:33)
	at com.intellij.junit4.JUnit4IdeaTestRunner.startRunnerWithArgs(JUnit4IdeaTestRunner.java:41)
	at com.intellij.rt.execution.junit.JUnitStarter.prepareStreamsAndStart(JUnitStarter.java:212)
	at com.intellij.rt.execution.junit.JUnitStarter.main(JUnitStarter.java:68)
	at sun.reflect.NativeMethodAccessorImpl.invoke0(Native Method)
	at sun.reflect.NativeMethodAccessorImpl.invoke(NativeMethodAccessorImpl.java:62)
	at sun.reflect.DelegatingMethodAccessorImpl.invoke(DelegatingMethodAccessorImpl.java:43)
	at java.lang.reflect.Method.invoke(Method.java:498)
	at com.intellij.rt.execution.application.AppMain.main(AppMain.java:140)
2016-10-10 08:20:06 triangle.parser.TxtParser [ERROR] Wrong count of values of triangle in string: 3
2016-10-10 08:20:06 triangle.parser.TxtParser [ERROR] Wrong values of triangle in string: 5
java.lang.NumberFormatException: For input string: "a"
	at sun.misc.FloatingDecimal.readJavaFormatString(FloatingDecimal.java:2043)
	at sun.misc.FloatingDecimal.parseDouble(FloatingDecimal.java:110)
	at java.lang.Double.parseDouble(Double.java:538)
	at com.suglob.triangle.parser.TxtParser.parseTriangle(TxtParser.java:36)
	at test.com.suglob.triangle.action.ActionTriangleTestTrue.getTriangleParameters(ActionTriangleTest.java:27)
	at sun.reflect.NativeMethodAccessorImpl.invoke0(Native Method)
	at sun.reflect.NativeMethodAccessorImpl.invoke(NativeMethodAccessorImpl.java:62)
	at sun.reflect.DelegatingMethodAccessorImpl.invoke(DelegatingMethodAccessorImpl.java:43)
	at java.lang.reflect.Method.invoke(Method.java:498)
	at org.junit.runners.model.FrameworkMethod$1.runReflectiveCall(FrameworkMethod.java:50)
	at org.junit.internal.runners.model.ReflectiveCallable.run(ReflectiveCallable.java:12)
	at org.junit.runners.model.FrameworkMethod.invokeExplosively(FrameworkMethod.java:47)
	at org.junit.runners.Parameterized.allParameters(Parameterized.java:280)
	at org.junit.runners.Parameterized.<init>(Parameterized.java:248)
	at sun.reflect.NativeConstructorAccessorImpl.newInstance0(Native Method)
	at sun.reflect.NativeConstructorAccessorImpl.newInstance(NativeConstructorAccessorImpl.java:62)
	at sun.reflect.DelegatingConstructorAccessorImpl.newInstance(DelegatingConstructorAccessorImpl.java:45)
	at java.lang.reflect.Constructor.newInstance(Constructor.java:423)
	at org.junit.internal.builders.AnnotatedBuilder.buildRunner(AnnotatedBuilder.java:104)
	at org.junit.internal.builders.AnnotatedBuilder.runnerForClass(AnnotatedBuilder.java:86)
	at org.junit.runners.model.RunnerBuilder.safeRunnerForClass(RunnerBuilder.java:59)
	at org.junit.internal.builders.AllDefaultPossibilitiesBuilder.runnerForClass(AllDefaultPossibilitiesBuilder.java:26)
	at org.junit.runners.model.RunnerBuilder.safeRunnerForClass(RunnerBuilder.java:59)
	at org.junit.internal.requests.ClassRequest.getRunner(ClassRequest.java:33)
	at com.intellij.junit4.JUnit4IdeaTestRunner.startRunnerWithArgs(JUnit4IdeaTestRunner.java:41)
	at com.intellij.rt.execution.junit.JUnitStarter.prepareStreamsAndStart(JUnitStarter.java:212)
	at com.intellij.rt.execution.junit.JUnitStarter.main(JUnitStarter.java:68)
	at sun.reflect.NativeMethodAccessorImpl.invoke0(Native Method)
	at sun.reflect.NativeMethodAccessorImpl.invoke(NativeMethodAccessorImpl.java:62)
	at sun.reflect.DelegatingMethodAccessorImpl.invoke(DelegatingMethodAccessorImpl.java:43)
	at java.lang.reflect.Method.invoke(Method.java:498)
	at com.intellij.rt.execution.application.AppMain.main(AppMain.java:140)
2016-10-10 08:21:25 triangle.parser.TxtParser [ERROR] Wrong count of values of triangle in string: 3
2016-10-10 08:21:25 triangle.parser.TxtParser [ERROR] Wrong values of triangle in string: 5
java.lang.NumberFormatException: For input string: "a"
	at sun.misc.FloatingDecimal.readJavaFormatString(FloatingDecimal.java:2043)
	at sun.misc.FloatingDecimal.parseDouble(FloatingDecimal.java:110)
	at java.lang.Double.parseDouble(Double.java:538)
	at com.suglob.triangle.parser.TxtParser.parseTriangle(TxtParser.java:36)
	at test.com.suglob.triangle.action.ActionTriangleTestTrue.getTriangleParameters(ActionTriangleTestTrue.java:27)
	at sun.reflect.NativeMethodAccessorImpl.invoke0(Native Method)
	at sun.reflect.NativeMethodAccessorImpl.invoke(NativeMethodAccessorImpl.java:62)
	at sun.reflect.DelegatingMethodAccessorImpl.invoke(DelegatingMethodAccessorImpl.java:43)
	at java.lang.reflect.Method.invoke(Method.java:498)
	at org.junit.runners.model.FrameworkMethod$1.runReflectiveCall(FrameworkMethod.java:50)
	at org.junit.internal.runners.model.ReflectiveCallable.run(ReflectiveCallable.java:12)
	at org.junit.runners.model.FrameworkMethod.invokeExplosively(FrameworkMethod.java:47)
	at org.junit.runners.Parameterized.allParameters(Parameterized.java:280)
	at org.junit.runners.Parameterized.<init>(Parameterized.java:248)
	at sun.reflect.NativeConstructorAccessorImpl.newInstance0(Native Method)
	at sun.reflect.NativeConstructorAccessorImpl.newInstance(NativeConstructorAccessorImpl.java:62)
	at sun.reflect.DelegatingConstructorAccessorImpl.newInstance(DelegatingConstructorAccessorImpl.java:45)
	at java.lang.reflect.Constructor.newInstance(Constructor.java:423)
	at org.junit.internal.builders.AnnotatedBuilder.buildRunner(AnnotatedBuilder.java:104)
	at org.junit.internal.builders.AnnotatedBuilder.runnerForClass(AnnotatedBuilder.java:86)
	at org.junit.runners.model.RunnerBuilder.safeRunnerForClass(RunnerBuilder.java:59)
	at org.junit.internal.builders.AllDefaultPossibilitiesBuilder.runnerForClass(AllDefaultPossibilitiesBuilder.java:26)
	at org.junit.runners.model.RunnerBuilder.safeRunnerForClass(RunnerBuilder.java:59)
	at org.junit.internal.requests.ClassRequest.getRunner(ClassRequest.java:33)
	at com.intellij.junit4.JUnit4IdeaTestRunner.startRunnerWithArgs(JUnit4IdeaTestRunner.java:41)
	at com.intellij.rt.execution.junit.JUnitStarter.prepareStreamsAndStart(JUnitStarter.java:212)
	at com.intellij.rt.execution.junit.JUnitStarter.main(JUnitStarter.java:68)
	at sun.reflect.NativeMethodAccessorImpl.invoke0(Native Method)
	at sun.reflect.NativeMethodAccessorImpl.invoke(NativeMethodAccessorImpl.java:62)
	at sun.reflect.DelegatingMethodAccessorImpl.invoke(DelegatingMethodAccessorImpl.java:43)
	at java.lang.reflect.Method.invoke(Method.java:498)
	at com.intellij.rt.execution.application.AppMain.main(AppMain.java:140)
2016-10-11 07:42:24 triangle.action.ActionRightTriangleTestFalse [INFO] Test: checkIsRightTriangleTestFalse is started
2016-10-11 07:42:24 triangle.action.ActionRightTriangleTestFalse [INFO] Test: checkIsRightTriangleTestFalse is finished
2016-10-11 07:42:24 triangle.action.ActionRightTriangleTestFalse [INFO] Test: checkIsRightTriangleTestFalse is started
2016-10-11 07:42:24 triangle.action.ActionRightTriangleTestFalse [INFO] Test: checkIsRightTriangleTestFalse is finished
2016-10-11 07:47:17 triangle.action.ActionTriangleTestFalse [INFO] Test: checkIsTriangleTestFalse is started
2016-10-11 07:47:17 triangle.action.ActionTriangleTestFalse [INFO] Test: checkIsTriangleTestFalse is finished
2016-10-11 07:47:17 triangle.action.ActionTriangleTestFalse [INFO] Test: checkIsTriangleTestFalse is started
2016-10-11 07:47:17 triangle.action.ActionTriangleTestFalse [INFO] Test: checkIsTriangleTestFalse is finished
2016-10-11 07:54:23 triangle.action.ActionTriangleTestFalse [INFO] Test: checkIsRightTriangleTestTrue is started
2016-10-11 07:54:23 triangle.action.ActionTriangleTestFalse [INFO] Test: checkIsRightTriangleTestTrue is finished
2016-10-11 07:54:23 triangle.action.ActionTriangleTestFalse [INFO] Test: checkIsRightTriangleTestTrue is started
2016-10-11 07:54:23 triangle.action.ActionTriangleTestFalse [INFO] Test: checkIsRightTriangleTestTrue is finished
2016-10-11 07:54:23 triangle.action.ActionTriangleTestFalse [INFO] Test: checkIsRightTriangleTestTrue is started
2016-10-11 07:54:23 triangle.action.ActionTriangleTestFalse [INFO] Test: checkIsRightTriangleTestTrue is finished
2016-10-11 07:54:23 triangle.action.ActionTriangleTestFalse [INFO] Test: checkIsRightTriangleTestTrue is started
2016-10-11 07:54:23 triangle.action.ActionTriangleTestFalse [INFO] Test: checkIsRightTriangleTestTrue is finished
2016-10-11 08:10:09 triangle.parser.TxtParser [ERROR] Wrong count of values of triangle in string: 3
2016-10-11 08:10:09 triangle.parser.TxtParser [ERROR] Wrong values of triangle in string: 5
java.lang.NumberFormatException: For input string: "a"
	at sun.misc.FloatingDecimal.readJavaFormatString(FloatingDecimal.java:2043)
	at sun.misc.FloatingDecimal.parseDouble(FloatingDecimal.java:110)
	at java.lang.Double.parseDouble(Double.java:538)
	at com.suglob.triangle.parser.TxtParser.parseTriangle(TxtParser.java:38)
	at com.suglob.triangle.run.Runner.main(Runner.java:10)
	at sun.reflect.NativeMethodAccessorImpl.invoke0(Native Method)
	at sun.reflect.NativeMethodAccessorImpl.invoke(NativeMethodAccessorImpl.java:62)
	at sun.reflect.DelegatingMethodAccessorImpl.invoke(DelegatingMethodAccessorImpl.java:43)
	at java.lang.reflect.Method.invoke(Method.java:498)
	at com.intellij.rt.execution.application.AppMain.main(AppMain.java:140)
2016-10-11 08:10:52 triangle.parser.TxtParser [ERROR] Wrong count of values of triangle in string: 3
2016-10-11 08:10:52 triangle.parser.TxtParser [ERROR] Wrong values of triangle in string: 5
java.lang.NumberFormatException: For input string: "a"
	at sun.misc.FloatingDecimal.readJavaFormatString(FloatingDecimal.java:2043)
	at sun.misc.FloatingDecimal.parseDouble(FloatingDecimal.java:110)
	at java.lang.Double.parseDouble(Double.java:538)
	at com.suglob.triangle.parser.TxtParser.parseTriangle(TxtParser.java:38)
	at com.suglob.triangle.run.Runner.main(Runner.java:10)
	at sun.reflect.NativeMethodAccessorImpl.invoke0(Native Method)
	at sun.reflect.NativeMethodAccessorImpl.invoke(NativeMethodAccessorImpl.java:62)
	at sun.reflect.DelegatingMethodAccessorImpl.invoke(DelegatingMethodAccessorImpl.java:43)
	at java.lang.reflect.Method.invoke(Method.java:498)
	at com.intellij.rt.execution.application.AppMain.main(AppMain.java:140)
2016-10-11 08:11:19 triangle.parser.TxtParser [ERROR] Wrong count of values of triangle in string: 3
2016-10-11 08:11:19 triangle.parser.TxtParser [ERROR] Wrong values of triangle in string: 5
java.lang.NumberFormatException: For input string: "a"
	at sun.misc.FloatingDecimal.readJavaFormatString(FloatingDecimal.java:2043)
	at sun.misc.FloatingDecimal.parseDouble(FloatingDecimal.java:110)
	at java.lang.Double.parseDouble(Double.java:538)
	at com.suglob.triangle.parser.TxtParser.parseTriangle(TxtParser.java:38)
	at com.suglob.triangle.run.Runner.main(Runner.java:10)
	at sun.reflect.NativeMethodAccessorImpl.invoke0(Native Method)
	at sun.reflect.NativeMethodAccessorImpl.invoke(NativeMethodAccessorImpl.java:62)
	at sun.reflect.DelegatingMethodAccessorImpl.invoke(DelegatingMethodAccessorImpl.java:43)
	at java.lang.reflect.Method.invoke(Method.java:498)
	at com.intellij.rt.execution.application.AppMain.main(AppMain.java:140)
2016-10-11 08:14:25 triangle.parser.TxtParser [FATAL] Fail res/right_triangles.txt is failed
java.io.FileNotFoundException: res\right_triangles.txt (Не удается найти указанный файл)
	at java.io.FileInputStream.open0(Native Method)
	at java.io.FileInputStream.open(FileInputStream.java:195)
	at java.io.FileInputStream.<init>(FileInputStream.java:138)
	at java.io.FileInputStream.<init>(FileInputStream.java:93)
	at java.io.FileReader.<init>(FileReader.java:58)
	at com.suglob.triangle.parser.TxtParser.parseTriangle(TxtParser.java:26)
	at com.suglob.triangle.run.Runner.main(Runner.java:11)
	at sun.reflect.NativeMethodAccessorImpl.invoke0(Native Method)
	at sun.reflect.NativeMethodAccessorImpl.invoke(NativeMethodAccessorImpl.java:62)
	at sun.reflect.DelegatingMethodAccessorImpl.invoke(DelegatingMethodAccessorImpl.java:43)
	at java.lang.reflect.Method.invoke(Method.java:498)
	at com.intellij.rt.execution.application.AppMain.main(AppMain.java:140)
2016-10-11 08:14:56 triangle.parser.TxtParser [ERROR] Wrong count of values of triangle in string: 3
2016-10-11 08:14:56 triangle.parser.TxtParser [ERROR] Wrong values of triangle in string: 5
java.lang.NumberFormatException: For input string: "a"
	at sun.misc.FloatingDecimal.readJavaFormatString(FloatingDecimal.java:2043)
	at sun.misc.FloatingDecimal.parseDouble(FloatingDecimal.java:110)
	at java.lang.Double.parseDouble(Double.java:538)
	at com.suglob.triangle.parser.TxtParser.parseTriangle(TxtParser.java:38)
	at com.suglob.triangle.run.Runner.main(Runner.java:11)
	at sun.reflect.NativeMethodAccessorImpl.invoke0(Native Method)
	at sun.reflect.NativeMethodAccessorImpl.invoke(NativeMethodAccessorImpl.java:62)
	at sun.reflect.DelegatingMethodAccessorImpl.invoke(DelegatingMethodAccessorImpl.java:43)
	at java.lang.reflect.Method.invoke(Method.java:498)
	at com.intellij.rt.execution.application.AppMain.main(AppMain.java:140)
2016-10-11 08:16:18 triangle.parser.TxtParser [ERROR] Wrong count of values of triangle in string: 3
2016-10-11 08:16:18 triangle.parser.TxtParser [ERROR] Wrong values of triangle in string: 5
java.lang.NumberFormatException: For input string: "a"
	at sun.misc.FloatingDecimal.readJavaFormatString(FloatingDecimal.java:2043)
	at sun.misc.FloatingDecimal.parseDouble(FloatingDecimal.java:110)
	at java.lang.Double.parseDouble(Double.java:538)
	at com.suglob.triangle.parser.TxtParser.parseTriangle(TxtParser.java:39)
	at com.suglob.triangle.run.Runner.main(Runner.java:11)
	at sun.reflect.NativeMethodAccessorImpl.invoke0(Native Method)
	at sun.reflect.NativeMethodAccessorImpl.invoke(NativeMethodAccessorImpl.java:62)
	at sun.reflect.DelegatingMethodAccessorImpl.invoke(DelegatingMethodAccessorImpl.java:43)
	at java.lang.reflect.Method.invoke(Method.java:498)
	at com.intellij.rt.execution.application.AppMain.main(AppMain.java:140)
2016-10-11 08:19:23 triangle.parser.TxtParser [ERROR] Wrong count of values of triangle in string: 3
2016-10-11 08:19:23 triangle.parser.TxtParser [ERROR] Wrong values of triangle in string: 5
java.lang.NumberFormatException: For input string: "a"
	at sun.misc.FloatingDecimal.readJavaFormatString(FloatingDecimal.java:2043)
	at sun.misc.FloatingDecimal.parseDouble(FloatingDecimal.java:110)
	at java.lang.Double.parseDouble(Double.java:538)
	at com.suglob.triangle.parser.TxtParser.parseTriangle(TxtParser.java:39)
	at com.suglob.triangle.run.Runner.main(Runner.java:8)
	at sun.reflect.NativeMethodAccessorImpl.invoke0(Native Method)
	at sun.reflect.NativeMethodAccessorImpl.invoke(NativeMethodAccessorImpl.java:62)
	at sun.reflect.DelegatingMethodAccessorImpl.invoke(DelegatingMethodAccessorImpl.java:43)
	at java.lang.reflect.Method.invoke(Method.java:498)
	at com.intellij.rt.execution.application.AppMain.main(AppMain.java:140)
2016-10-11 08:27:42 triangle.action.ActionRightTriangleTestFalse [INFO] Test: checkIsRightTriangleTestFalse is started
2016-10-11 08:27:42 triangle.action.ActionRightTriangleTestFalse [INFO] Test: checkIsRightTriangleTestFalse is finished
2016-10-11 08:27:42 triangle.action.ActionRightTriangleTestFalse [INFO] Test: checkIsRightTriangleTestFalse is started
2016-10-11 08:27:42 triangle.action.ActionRightTriangleTestFalse [INFO] Test: checkIsRightTriangleTestFalse is finished
2016-10-11 08:27:42 triangle.action.ActionTriangleTestFalse [INFO] Test: checkIsTriangleTestFalse is started
2016-10-11 08:27:42 triangle.action.ActionTriangleTestFalse [INFO] Test: checkIsTriangleTestFalse is finished
2016-10-11 08:27:42 triangle.action.ActionTriangleTestFalse [INFO] Test: checkIsTriangleTestFalse is started
2016-10-11 08:27:42 triangle.action.ActionTriangleTestFalse [INFO] Test: checkIsTriangleTestFalse is finished
2016-10-11 08:27:42 triangle.action.ActionTriangleTestFalse [INFO] Test: checkIsTriangleTestTrue is started
2016-10-11 08:27:42 triangle.action.ActionTriangleTestFalse [INFO] Test: checkIsTriangleTestTrue is finished
2016-10-11 08:27:42 triangle.action.ActionTriangleTestFalse [INFO] Test: checkIsRightTriangleTestTrue is started
2016-10-11 08:27:42 triangle.action.ActionTriangleTestFalse [INFO] Test: checkIsRightTriangleTestTrue is finished
2016-10-11 08:27:42 triangle.action.ActionTriangleTestFalse [INFO] Test: checkIsTriangleTestTrue is started
2016-10-11 08:27:42 triangle.action.ActionTriangleTestFalse [INFO] Test: checkIsTriangleTestTrue is finished
2016-10-11 08:27:42 triangle.action.ActionTriangleTestFalse [INFO] Test: checkIsRightTriangleTestTrue is started
2016-10-11 08:27:42 triangle.action.ActionTriangleTestFalse [INFO] Test: checkIsRightTriangleTestTrue is finished
2016-10-11 08:27:42 triangle.action.ActionTriangleTestFalse [INFO] Test: checkIsTriangleTestTrue is started
2016-10-11 08:27:42 triangle.action.ActionTriangleTestFalse [INFO] Test: checkIsTriangleTestTrue is finished
2016-10-11 08:27:42 triangle.action.ActionTriangleTestFalse [INFO] Test: checkIsRightTriangleTestTrue is started
2016-10-11 08:27:42 triangle.action.ActionTriangleTestFalse [INFO] Test: checkIsRightTriangleTestTrue is finished
2016-10-11 08:27:42 triangle.action.ActionTriangleTestFalse [INFO] Test: checkIsTriangleTestTrue is started
2016-10-11 08:27:42 triangle.action.ActionTriangleTestFalse [INFO] Test: checkIsTriangleTestTrue is finished
2016-10-11 08:27:42 triangle.action.ActionTriangleTestFalse [INFO] Test: checkIsRightTriangleTestTrue is started
2016-10-11 08:27:42 triangle.action.ActionTriangleTestFalse [INFO] Test: checkIsRightTriangleTestTrue is finished
2016-10-11 10:24:59 triangle.action.ActionRightTriangleTestFalse [INFO] Test: checkIsRightTriangleTestFalse is started
2016-10-11 10:24:59 triangle.action.ActionRightTriangleTestFalse [INFO] Test: checkIsRightTriangleTestFalse is finished
2016-10-11 10:24:59 triangle.action.ActionRightTriangleTestFalse [INFO] Test: checkIsRightTriangleTestFalse is started
2016-10-11 10:24:59 triangle.action.ActionRightTriangleTestFalse [INFO] Test: checkIsRightTriangleTestFalse is finished
2016-10-11 10:24:59 triangle.action.ActionTriangleTestFalse [INFO] Test: checkIsTriangleTestFalse is started
2016-10-11 10:24:59 triangle.action.ActionTriangleTestFalse [INFO] Test: checkIsTriangleTestFalse is finished
2016-10-11 10:24:59 triangle.action.ActionTriangleTestFalse [INFO] Test: checkIsTriangleTestFalse is started
2016-10-11 10:24:59 triangle.action.ActionTriangleTestFalse [INFO] Test: checkIsTriangleTestFalse is finished
2016-10-11 10:24:59 triangle.action.ActionTriangleTestFalse [INFO] Test: checkIsTriangleTestTrue is started
2016-10-11 10:24:59 triangle.action.ActionTriangleTestFalse [INFO] Test: checkIsTriangleTestTrue is finished
2016-10-11 10:24:59 triangle.action.ActionTriangleTestFalse [INFO] Test: checkIsRightTriangleTestTrue is started
2016-10-11 10:24:59 triangle.action.ActionTriangleTestFalse [INFO] Test: checkIsRightTriangleTestTrue is finished
2016-10-11 10:24:59 triangle.action.ActionTriangleTestFalse [INFO] Test: checkIsTriangleTestTrue is started
2016-10-11 10:24:59 triangle.action.ActionTriangleTestFalse [INFO] Test: checkIsTriangleTestTrue is finished
2016-10-11 10:24:59 triangle.action.ActionTriangleTestFalse [INFO] Test: checkIsRightTriangleTestTrue is started
2016-10-11 10:24:59 triangle.action.ActionTriangleTestFalse [INFO] Test: checkIsRightTriangleTestTrue is finished
2016-10-11 10:24:59 triangle.action.ActionTriangleTestFalse [INFO] Test: checkIsTriangleTestTrue is started
2016-10-11 10:24:59 triangle.action.ActionTriangleTestFalse [INFO] Test: checkIsTriangleTestTrue is finished
2016-10-11 10:24:59 triangle.action.ActionTriangleTestFalse [INFO] Test: checkIsRightTriangleTestTrue is started
2016-10-11 10:24:59 triangle.action.ActionTriangleTestFalse [INFO] Test: checkIsRightTriangleTestTrue is finished
2016-10-11 10:24:59 triangle.action.ActionTriangleTestFalse [INFO] Test: checkIsTriangleTestTrue is started
2016-10-11 10:24:59 triangle.action.ActionTriangleTestFalse [INFO] Test: checkIsTriangleTestTrue is finished
2016-10-11 10:24:59 triangle.action.ActionTriangleTestFalse [INFO] Test: checkIsRightTriangleTestTrue is started
2016-10-11 10:24:59 triangle.action.ActionTriangleTestFalse [INFO] Test: checkIsRightTriangleTestTrue is finished
2016-10-11 10:25:04 triangle.parser.TxtParser [ERROR] Wrong count of values of triangle in string: 3
2016-10-11 10:25:04 triangle.parser.TxtParser [ERROR] Wrong values of triangle in string: 5
java.lang.NumberFormatException: For input string: "a"
	at sun.misc.FloatingDecimal.readJavaFormatString(FloatingDecimal.java:2043)
	at sun.misc.FloatingDecimal.parseDouble(FloatingDecimal.java:110)
	at java.lang.Double.parseDouble(Double.java:538)
	at com.suglob.triangle.parser.TxtParser.parseTriangle(TxtParser.java:39)
	at com.suglob.triangle.run.Runner.main(Runner.java:8)
	at sun.reflect.NativeMethodAccessorImpl.invoke0(Native Method)
	at sun.reflect.NativeMethodAccessorImpl.invoke(NativeMethodAccessorImpl.java:62)
	at sun.reflect.DelegatingMethodAccessorImpl.invoke(DelegatingMethodAccessorImpl.java:43)
	at java.lang.reflect.Method.invoke(Method.java:498)
	at com.intellij.rt.execution.application.AppMain.main(AppMain.java:140)
2016-10-11 10:25:59 triangle.parser.TxtParser [ERROR] Wrong count of values of triangle in string: 3
2016-10-11 10:25:59 triangle.parser.TxtParser [ERROR] Wrong values of triangle in string: 5
java.lang.NumberFormatException: For input string: "a"
	at sun.misc.FloatingDecimal.readJavaFormatString(FloatingDecimal.java:2043)
	at sun.misc.FloatingDecimal.parseDouble(FloatingDecimal.java:110)
	at java.lang.Double.parseDouble(Double.java:538)
	at com.suglob.triangle.parser.TxtParser.parseTriangle(TxtParser.java:39)
	at com.suglob.triangle.run.Runner.main(Runner.java:8)
	at sun.reflect.NativeMethodAccessorImpl.invoke0(Native Method)
	at sun.reflect.NativeMethodAccessorImpl.invoke(NativeMethodAccessorImpl.java:62)
	at sun.reflect.DelegatingMethodAccessorImpl.invoke(DelegatingMethodAccessorImpl.java:43)
	at java.lang.reflect.Method.invoke(Method.java:498)
	at com.intellij.rt.execution.application.AppMain.main(AppMain.java:140)
2016-10-11 10:43:50 triangle.action.ActionTrigonometryTest [INFO] Test: triangleSquareTest is started
2016-10-11 10:43:50 triangle.action.ActionTrigonometryTest [INFO] Test: triangleSquareTest is finished
2016-10-11 10:43:50 triangle.action.ActionTrigonometryTest [INFO] Test: trianglePerimeterTest is started
2016-10-11 10:43:50 triangle.action.ActionTrigonometryTest [INFO] Test: trianglePerimeterTest is finished
2016-10-11 10:44:27 triangle.action.ActionRightTriangleTestFalse [INFO] Test: checkIsRightTriangleTestFalse is started
2016-10-11 10:44:27 triangle.action.ActionRightTriangleTestFalse [INFO] Test: checkIsRightTriangleTestFalse is finished
2016-10-11 10:44:27 triangle.action.ActionRightTriangleTestFalse [INFO] Test: checkIsRightTriangleTestFalse is started
2016-10-11 10:44:27 triangle.action.ActionRightTriangleTestFalse [INFO] Test: checkIsRightTriangleTestFalse is finished
2016-10-11 10:44:27 triangle.action.ActionTriangleTestFalse [INFO] Test: checkIsTriangleTestFalse is started
2016-10-11 10:44:27 triangle.action.ActionTriangleTestFalse [INFO] Test: checkIsTriangleTestFalse is finished
2016-10-11 10:44:27 triangle.action.ActionTriangleTestFalse [INFO] Test: checkIsTriangleTestFalse is started
2016-10-11 10:44:27 triangle.action.ActionTriangleTestFalse [INFO] Test: checkIsTriangleTestFalse is finished
2016-10-11 10:44:27 triangle.action.ActionTriangleTestFalse [INFO] Test: checkIsTriangleTestTrue is started
2016-10-11 10:44:27 triangle.action.ActionTriangleTestFalse [INFO] Test: checkIsTriangleTestTrue is finished
2016-10-11 10:44:27 triangle.action.ActionTriangleTestFalse [INFO] Test: checkIsRightTriangleTestTrue is started
2016-10-11 10:44:27 triangle.action.ActionTriangleTestFalse [INFO] Test: checkIsRightTriangleTestTrue is finished
2016-10-11 10:44:27 triangle.action.ActionTriangleTestFalse [INFO] Test: checkIsTriangleTestTrue is started
2016-10-11 10:44:27 triangle.action.ActionTriangleTestFalse [INFO] Test: checkIsTriangleTestTrue is finished
2016-10-11 10:44:27 triangle.action.ActionTriangleTestFalse [INFO] Test: checkIsRightTriangleTestTrue is started
2016-10-11 10:44:27 triangle.action.ActionTriangleTestFalse [INFO] Test: checkIsRightTriangleTestTrue is finished
2016-10-11 10:44:27 triangle.action.ActionTriangleTestFalse [INFO] Test: checkIsTriangleTestTrue is started
2016-10-11 10:44:27 triangle.action.ActionTriangleTestFalse [INFO] Test: checkIsTriangleTestTrue is finished
2016-10-11 10:44:27 triangle.action.ActionTriangleTestFalse [INFO] Test: checkIsRightTriangleTestTrue is started
2016-10-11 10:44:27 triangle.action.ActionTriangleTestFalse [INFO] Test: checkIsRightTriangleTestTrue is finished
2016-10-11 10:44:27 triangle.action.ActionTriangleTestFalse [INFO] Test: checkIsTriangleTestTrue is started
2016-10-11 10:44:27 triangle.action.ActionTriangleTestFalse [INFO] Test: checkIsTriangleTestTrue is finished
2016-10-11 10:44:27 triangle.action.ActionTriangleTestFalse [INFO] Test: checkIsRightTriangleTestTrue is started
2016-10-11 10:44:27 triangle.action.ActionTriangleTestFalse [INFO] Test: checkIsRightTriangleTestTrue is finished
2016-10-11 10:44:28 triangle.action.ActionTrigonometryTest [INFO] Test: triangleSquareTest is started
2016-10-11 10:44:28 triangle.action.ActionTrigonometryTest [INFO] Test: triangleSquareTest is finished
2016-10-11 10:44:28 triangle.action.ActionTrigonometryTest [INFO] Test: trianglePerimeterTest is started
2016-10-11 10:44:28 triangle.action.ActionTrigonometryTest [INFO] Test: trianglePerimeterTest is finished
2016-10-11 10:44:57 triangle.action.ActionRightTriangleTestFalse [INFO] Test: checkIsRightTriangleTestFalse is started
2016-10-11 10:44:57 triangle.action.ActionRightTriangleTestFalse [INFO] Test: checkIsRightTriangleTestFalse is finished
2016-10-11 10:44:57 triangle.action.ActionRightTriangleTestFalse [INFO] Test: checkIsRightTriangleTestFalse is started
2016-10-11 10:44:57 triangle.action.ActionRightTriangleTestFalse [INFO] Test: checkIsRightTriangleTestFalse is finished
2016-10-11 10:44:57 triangle.action.ActionTriangleTestFalse [INFO] Test: checkIsTriangleTestFalse is started
2016-10-11 10:44:57 triangle.action.ActionTriangleTestFalse [INFO] Test: checkIsTriangleTestFalse is finished
2016-10-11 10:44:57 triangle.action.ActionTriangleTestFalse [INFO] Test: checkIsTriangleTestFalse is started
2016-10-11 10:44:57 triangle.action.ActionTriangleTestFalse [INFO] Test: checkIsTriangleTestFalse is finished
2016-10-11 10:44:57 triangle.action.ActionTriangleTestFalse [INFO] Test: checkIsTriangleTestTrue is started
2016-10-11 10:44:57 triangle.action.ActionTriangleTestFalse [INFO] Test: checkIsTriangleTestTrue is finished
2016-10-11 10:44:57 triangle.action.ActionTriangleTestFalse [INFO] Test: checkIsRightTriangleTestTrue is started
2016-10-11 10:44:57 triangle.action.ActionTriangleTestFalse [INFO] Test: checkIsRightTriangleTestTrue is finished
2016-10-11 10:44:57 triangle.action.ActionTriangleTestFalse [INFO] Test: checkIsTriangleTestTrue is started
2016-10-11 10:44:57 triangle.action.ActionTriangleTestFalse [INFO] Test: checkIsTriangleTestTrue is finished
2016-10-11 10:44:57 triangle.action.ActionTriangleTestFalse [INFO] Test: checkIsRightTriangleTestTrue is started
2016-10-11 10:44:57 triangle.action.ActionTriangleTestFalse [INFO] Test: checkIsRightTriangleTestTrue is finished
2016-10-11 10:44:57 triangle.action.ActionTriangleTestFalse [INFO] Test: checkIsTriangleTestTrue is started
2016-10-11 10:44:57 triangle.action.ActionTriangleTestFalse [INFO] Test: checkIsTriangleTestTrue is finished
2016-10-11 10:44:57 triangle.action.ActionTriangleTestFalse [INFO] Test: checkIsRightTriangleTestTrue is started
2016-10-11 10:44:57 triangle.action.ActionTriangleTestFalse [INFO] Test: checkIsRightTriangleTestTrue is finished
2016-10-11 10:44:57 triangle.action.ActionTriangleTestFalse [INFO] Test: checkIsTriangleTestTrue is started
2016-10-11 10:44:57 triangle.action.ActionTriangleTestFalse [INFO] Test: checkIsTriangleTestTrue is finished
2016-10-11 10:44:57 triangle.action.ActionTriangleTestFalse [INFO] Test: checkIsRightTriangleTestTrue is started
2016-10-11 10:44:57 triangle.action.ActionTriangleTestFalse [INFO] Test: checkIsRightTriangleTestTrue is finished
2016-10-11 10:44:58 triangle.action.ActionTrigonometryTest [INFO] Test: triangleSquareTest is started
2016-10-11 10:44:58 triangle.action.ActionTrigonometryTest [INFO] Test: triangleSquareTest is finished
2016-10-11 10:44:58 triangle.action.ActionTrigonometryTest [INFO] Test: trianglePerimeterTest is started
2016-10-11 10:44:58 triangle.action.ActionTrigonometryTest [INFO] Test: trianglePerimeterTest is finished
2016-10-11 11:04:38 triangle.parser.TxtParser [ERROR] Wrong count of values of triangle in string: 1
2016-10-11 11:05:12 triangle.parser.TxtParser [ERROR] Wrong values of triangle in string: 1
java.lang.NumberFormatException: For input string: "aaa"
	at sun.misc.FloatingDecimal.readJavaFormatString(FloatingDecimal.java:2043)
	at sun.misc.FloatingDecimal.parseDouble(FloatingDecimal.java:110)
	at java.lang.Double.parseDouble(Double.java:538)
	at com.suglob.triangle.parser.TxtParser.parseTriangle(TxtParser.java:40)
	at test.com.suglob.triangle.parser.TxtParserTest.checkTxtParserExceptionTest(TxtParserTest.java:17)
	at sun.reflect.NativeMethodAccessorImpl.invoke0(Native Method)
	at sun.reflect.NativeMethodAccessorImpl.invoke(NativeMethodAccessorImpl.java:62)
	at sun.reflect.DelegatingMethodAccessorImpl.invoke(DelegatingMethodAccessorImpl.java:43)
	at java.lang.reflect.Method.invoke(Method.java:498)
	at org.junit.runners.model.FrameworkMethod$1.runReflectiveCall(FrameworkMethod.java:50)
	at org.junit.internal.runners.model.ReflectiveCallable.run(ReflectiveCallable.java:12)
	at org.junit.runners.model.FrameworkMethod.invokeExplosively(FrameworkMethod.java:47)
	at org.junit.internal.runners.statements.InvokeMethod.evaluate(InvokeMethod.java:17)
	at org.junit.internal.runners.statements.ExpectException.evaluate(ExpectException.java:19)
	at org.junit.runners.ParentRunner.runLeaf(ParentRunner.java:325)
	at org.junit.runners.BlockJUnit4ClassRunner.runChild(BlockJUnit4ClassRunner.java:78)
	at org.junit.runners.BlockJUnit4ClassRunner.runChild(BlockJUnit4ClassRunner.java:57)
	at org.junit.runners.ParentRunner$3.run(ParentRunner.java:290)
	at org.junit.runners.ParentRunner$1.schedule(ParentRunner.java:71)
	at org.junit.runners.ParentRunner.runChildren(ParentRunner.java:288)
	at org.junit.runners.ParentRunner.access$000(ParentRunner.java:58)
	at org.junit.runners.ParentRunner$2.evaluate(ParentRunner.java:268)
	at org.junit.runners.ParentRunner.run(ParentRunner.java:363)
	at org.junit.runner.JUnitCore.run(JUnitCore.java:137)
	at com.intellij.junit4.JUnit4IdeaTestRunner.startRunnerWithArgs(JUnit4IdeaTestRunner.java:78)
	at com.intellij.rt.execution.junit.JUnitStarter.prepareStreamsAndStart(JUnitStarter.java:212)
	at com.intellij.rt.execution.junit.JUnitStarter.main(JUnitStarter.java:68)
	at sun.reflect.NativeMethodAccessorImpl.invoke0(Native Method)
	at sun.reflect.NativeMethodAccessorImpl.invoke(NativeMethodAccessorImpl.java:62)
	at sun.reflect.DelegatingMethodAccessorImpl.invoke(DelegatingMethodAccessorImpl.java:43)
	at java.lang.reflect.Method.invoke(Method.java:498)
	at com.intellij.rt.execution.application.AppMain.main(AppMain.java:140)
2016-10-11 11:06:43 triangle.parser.TxtParser [FATAL] Fail res/not_triangles2323.txt is failed
java.io.FileNotFoundException: res\not_triangles2323.txt (Не удается найти указанный файл)
	at java.io.FileInputStream.open0(Native Method)
	at java.io.FileInputStream.open(FileInputStream.java:195)
	at java.io.FileInputStream.<init>(FileInputStream.java:138)
	at java.io.FileInputStream.<init>(FileInputStream.java:93)
	at java.io.FileReader.<init>(FileReader.java:58)
	at com.suglob.triangle.parser.TxtParser.parseTriangle(TxtParser.java:27)
	at test.com.suglob.triangle.parser.TxtParserTest.checkTxtParserExceptionTest(TxtParserTest.java:17)
	at sun.reflect.NativeMethodAccessorImpl.invoke0(Native Method)
	at sun.reflect.NativeMethodAccessorImpl.invoke(NativeMethodAccessorImpl.java:62)
	at sun.reflect.DelegatingMethodAccessorImpl.invoke(DelegatingMethodAccessorImpl.java:43)
	at java.lang.reflect.Method.invoke(Method.java:498)
	at org.junit.runners.model.FrameworkMethod$1.runReflectiveCall(FrameworkMethod.java:50)
	at org.junit.internal.runners.model.ReflectiveCallable.run(ReflectiveCallable.java:12)
	at org.junit.runners.model.FrameworkMethod.invokeExplosively(FrameworkMethod.java:47)
	at org.junit.internal.runners.statements.InvokeMethod.evaluate(InvokeMethod.java:17)
	at org.junit.internal.runners.statements.ExpectException.evaluate(ExpectException.java:19)
	at org.junit.runners.ParentRunner.runLeaf(ParentRunner.java:325)
	at org.junit.runners.BlockJUnit4ClassRunner.runChild(BlockJUnit4ClassRunner.java:78)
	at org.junit.runners.BlockJUnit4ClassRunner.runChild(BlockJUnit4ClassRunner.java:57)
	at org.junit.runners.ParentRunner$3.run(ParentRunner.java:290)
	at org.junit.runners.ParentRunner$1.schedule(ParentRunner.java:71)
	at org.junit.runners.ParentRunner.runChildren(ParentRunner.java:288)
	at org.junit.runners.ParentRunner.access$000(ParentRunner.java:58)
	at org.junit.runners.ParentRunner$2.evaluate(ParentRunner.java:268)
	at org.junit.runners.ParentRunner.run(ParentRunner.java:363)
	at org.junit.runner.JUnitCore.run(JUnitCore.java:137)
	at com.intellij.junit4.JUnit4IdeaTestRunner.startRunnerWithArgs(JUnit4IdeaTestRunner.java:78)
	at com.intellij.rt.execution.junit.JUnitStarter.prepareStreamsAndStart(JUnitStarter.java:212)
	at com.intellij.rt.execution.junit.JUnitStarter.main(JUnitStarter.java:68)
	at sun.reflect.NativeMethodAccessorImpl.invoke0(Native Method)
	at sun.reflect.NativeMethodAccessorImpl.invoke(NativeMethodAccessorImpl.java:62)
	at sun.reflect.DelegatingMethodAccessorImpl.invoke(DelegatingMethodAccessorImpl.java:43)
	at java.lang.reflect.Method.invoke(Method.java:498)
	at com.intellij.rt.execution.application.AppMain.main(AppMain.java:140)
